Using pre-set license
Built from '2020.3/staging' branch; Version is '2020.3.28f1 (f5400f52e03f) revision 16072719'; Using compiler version '192528614'; Build Type 'Release'
OS: 'Windows 11  (10.0.22000) 64bit CoreSingleLanguage' Language: 'en' Physical Memory: 8084 MB
BatchMode: 1, IsHumanControllingUs: 0, StartBugReporterOnCrash: 0, Is64bit: 1, IsPro: 0

COMMAND LINE ARGUMENTS:
E:\_installed\Unity\2020.3.28f1\Editor\Unity.exe
-adb2
-batchMode
-noUpm
-name
AssetImportWorker2
-projectPath
E:/Github/unity-ref-ai-n-navigation
-logFile
Logs/AssetImportWorker2.log
-srvPort
50553
Successfully changed project path to: E:/Github/unity-ref-ai-n-navigation
E:/Github/unity-ref-ai-n-navigation
Using Asset Import Pipeline V2.
Refreshing native plugins compatible for Editor in 135.55 ms, found 2 plugins.
Preloading 0 native plugins for Editor in 0.00 ms.
Initialize engine version: 2020.3.28f1 (f5400f52e03f)
[Subsystems] Discovering subsystems at path E:/_installed/Unity/2020.3.28f1/Editor/Data/Resources/UnitySubsystems
[Subsystems] Discovering subsystems at path E:/Github/unity-ref-ai-n-navigation/Assets
GfxDevice: creating device client; threaded=0
Direct3D:
    Version:  Direct3D 11.0 [level 11.1]
    Renderer: NVIDIA GeForce GTX 1050 (ID=0x1c8d)
    Vendor:   
    VRAM:     4021 MB
    Driver:   30.0.14.7141
Initialize mono
Mono path[0] = 'E:/_installed/Unity/2020.3.28f1/Editor/Data/Managed'
Mono path[1] = 'E:/_installed/Unity/2020.3.28f1/Editor/Data/MonoBleedingEdge/lib/mono/unityjit'
Mono config path = 'E:/_installed/Unity/2020.3.28f1/Editor/Data/MonoBleedingEdge/etc'
Using monoOptions --debugger-agent=transport=dt_socket,embedding=1,server=y,suspend=n,address=127.0.0.1:56116
Begin MonoManager ReloadAssembly
Registering precompiled unity dll's ...
Register platform support module: E:/_installed/Unity/2020.3.28f1/Editor/Data/PlaybackEngines/WebGLSupport/UnityEditor.WebGL.Extensions.dll
Register platform support module: E:/_installed/Unity/2020.3.28f1/Editor/Data/PlaybackEngines/WindowsStandaloneSupport/UnityEditor.WindowsStandalone.Extensions.dll
Registered in 0.001228 seconds.
Native extension for WindowsStandalone target not found
Native extension for WebGL target not found
Refreshing native plugins compatible for Editor in 102.69 ms, found 2 plugins.
Preloading 0 native plugins for Editor in 0.00 ms.
Mono: successfully reloaded assembly
- Completed reload, in  1.374 seconds
Domain Reload Profiling:
	ReloadAssembly (1375ms)
		BeginReloadAssembly (128ms)
			ExecutionOrderSort (0ms)
			DisableScriptedObjects (0ms)
			BackupInstance (0ms)
			ReleaseScriptingObjects (0ms)
			CreateAndSetChildDomain (3ms)
		EndReloadAssembly (1101ms)
			LoadAssemblies (125ms)
			RebuildTransferFunctionScriptingTraits (1ms)
			SetupTypeCache (318ms)
			ReleaseScriptCaches (0ms)
			RebuildScriptCaches (92ms)
			SetupLoadedEditorAssemblies (419ms)
				LogAssemblyErrors (0ms)
				InitializePlatformSupportModulesInManaged (9ms)
				SetLoadedEditorAssemblies (1ms)
				RefreshPlugins (103ms)
				BeforeProcessingInitializeOnLoad (27ms)
				ProcessInitializeOnLoadAttributes (214ms)
				ProcessInitializeOnLoadMethodAttributes (65ms)
				AfterProcessingInitializeOnLoad (0ms)
				EditorAssembliesLoaded (0ms)
			ExecutionOrderSort2 (0ms)
			AwakeInstancesAfterBackupRestoration (0ms)
Platform modules already initialized, skipping
Registering precompiled user dll's ...
Registered in 0.006217 seconds.
Begin MonoManager ReloadAssembly
Native extension for WindowsStandalone target not found
Native extension for WebGL target not found
Refreshing native plugins compatible for Editor in 139.21 ms, found 2 plugins.
Preloading 0 native plugins for Editor in 0.00 ms.
Mono: successfully reloaded assembly
- Completed reload, in  2.929 seconds
Domain Reload Profiling:
	ReloadAssembly (2931ms)
		BeginReloadAssembly (341ms)
			ExecutionOrderSort (0ms)
			DisableScriptedObjects (7ms)
			BackupInstance (0ms)
			ReleaseScriptingObjects (0ms)
			CreateAndSetChildDomain (40ms)
		EndReloadAssembly (2455ms)
			LoadAssemblies (239ms)
			RebuildTransferFunctionScriptingTraits (0ms)
			SetupTypeCache (781ms)
			ReleaseScriptCaches (1ms)
			RebuildScriptCaches (121ms)
			SetupLoadedEditorAssemblies (1075ms)
				LogAssemblyErrors (0ms)
				InitializePlatformSupportModulesInManaged (6ms)
				SetLoadedEditorAssemblies (0ms)
				RefreshPlugins (139ms)
				BeforeProcessingInitializeOnLoad (164ms)
				ProcessInitializeOnLoadAttributes (733ms)
				ProcessInitializeOnLoadMethodAttributes (29ms)
				AfterProcessingInitializeOnLoad (3ms)
				EditorAssembliesLoaded (0ms)
			ExecutionOrderSort2 (0ms)
			AwakeInstancesAfterBackupRestoration (33ms)
Platform modules already initialized, skipping
========================================================================
Worker process is ready to serve import requests
Launched and connected shader compiler UnityShaderCompiler.exe after 0.53 seconds
Refreshing native plugins compatible for Editor in 2.31 ms, found 2 plugins.
Preloading 0 native plugins for Editor in 0.00 ms.
Unloading 2485 Unused Serialized files (Serialized files now loaded: 0)
System memory in use before: 111.0 MB.
System memory in use after: 111.2 MB.

Unloading 24 unused Assets to reduce memory usage. Loaded Objects now: 2918.
Total: 14.025500 ms (FindLiveObjects: 0.314100 ms CreateObjectMapping: 0.209800 ms MarkObjects: 12.368300 ms  DeleteObjects: 1.128300 ms)

AssetImportParameters requested are different than current active one (requested -> active):
  custom:framework-win-MediaFoundation: 216162199b28c13a410421893ffa2e32 -> 
  custom:video-decoder-ogg-theora: a1e56fd34408186e4bbccfd4996cb3dc -> 
  custom:container-muxer-webm: aa71ff27fc2769a1b78a27578f13a17b -> 
  custom:container-demuxer-webm: 4f35f7cbe854078d1ac9338744f61a02 -> 
  custom:container-demuxer-ogg: 62fdf1f143b41e24485cea50d1cbac27 -> 
  custom:video-encoder-webm-vp8: eb34c28f22e8b96e1ab97ce403110664 -> 
  custom:video-codec-MediaFoundation-h265: 746d11721c4dcdbdad8f713fa42b33f4 -> 
  custom:video-decoder-webm-vp8: 9c59270c3fd7afecdb556c50c9e8de78 -> 
  custom:audio-decoder-ogg-vorbis: bf7c407c2cedff20999df2af8eb42d56 -> 
  custom:audio-encoder-webm-vorbis: bf7c407c2cedff20999df2af8eb42d56 -> 
========================================================================
Received Import Request.
  path: Assets/01. MoveSimple/MoveSimple.unity
  artifactKey: Guid(2697829ae22525f488da8bbdc9ea5963) Importer(815301076,1909f56bfc062723c751e8b465ee728b)
Start importing Assets/01. MoveSimple/MoveSimple.unity using Guid(2697829ae22525f488da8bbdc9ea5963) Importer(815301076,1909f56bfc062723c751e8b465ee728b)  -> (artifact id: '727cc4e02222cf06b338e6efa02a83b5') in 0.069400 seconds 
  Import took 0.134730 seconds .

========================================================================
Received Import Request.
  Time since last request: 0.000501 seconds.
  path: Assets/02. MoveToGoal/MoveToGoal.unity
  artifactKey: Guid(92fdb90c11177054c98721d8e0aadbae) Importer(815301076,1909f56bfc062723c751e8b465ee728b)
Start importing Assets/02. MoveToGoal/MoveToGoal.unity using Guid(92fdb90c11177054c98721d8e0aadbae) Importer(815301076,1909f56bfc062723c751e8b465ee728b)  -> (artifact id: 'a4cf6325614828aac92a19cb4f7d742f') in 0.032852 seconds 
  Import took 0.041559 seconds .

========================================================================
Received Import Request.
  Time since last request: 31.515074 seconds.
  path: Assets/03. FollowWaypoints/FollowWaypoints.unity
  artifactKey: Guid(f8c8ac9effd671d4d9fc94c7aed71bad) Importer(815301076,1909f56bfc062723c751e8b465ee728b)
Start importing Assets/03. FollowWaypoints/FollowWaypoints.unity using Guid(f8c8ac9effd671d4d9fc94c7aed71bad) Importer(815301076,1909f56bfc062723c751e8b465ee728b)  -> (artifact id: '871c8eca639d2108de05991531a8e7f7') in 0.177291 seconds 
  Import took 0.182223 seconds .

========================================================================
Received Prepare
Refreshing native plugins compatible for Editor in 3.07 ms, found 2 plugins.
Preloading 0 native plugins for Editor in 0.00 ms.
Unloading 14 Unused Serialized files (Serialized files now loaded: 0)
System memory in use before: 58.3 MB.
System memory in use after: 58.5 MB.

Unloading 14 unused Assets to reduce memory usage. Loaded Objects now: 2918.
Total: 4.626700 ms (FindLiveObjects: 0.231400 ms CreateObjectMapping: 0.134900 ms MarkObjects: 4.108500 ms  DeleteObjects: 0.151100 ms)

AssetImportParameters requested are different than current active one (requested -> active):
  custom:framework-win-MediaFoundation: 216162199b28c13a410421893ffa2e32 -> 
  custom:video-decoder-ogg-theora: a1e56fd34408186e4bbccfd4996cb3dc -> 
  custom:container-muxer-webm: aa71ff27fc2769a1b78a27578f13a17b -> 
  custom:container-demuxer-webm: 4f35f7cbe854078d1ac9338744f61a02 -> 
  custom:container-demuxer-ogg: 62fdf1f143b41e24485cea50d1cbac27 -> 
  custom:video-encoder-webm-vp8: eb34c28f22e8b96e1ab97ce403110664 -> 
  custom:video-codec-MediaFoundation-h265: 746d11721c4dcdbdad8f713fa42b33f4 -> 
  custom:video-decoder-webm-vp8: 9c59270c3fd7afecdb556c50c9e8de78 -> 
  custom:audio-decoder-ogg-vorbis: bf7c407c2cedff20999df2af8eb42d56 -> 
  custom:audio-encoder-webm-vorbis: bf7c407c2cedff20999df2af8eb42d56 -> 
========================================================================
Received Import Request.
  Time since last request: 35.873260 seconds.
  path: Assets/03. FollowWaypoints/FollowWaypoints.cs
  artifactKey: Guid(8189bec45977a214c877052081ba1220) Importer(815301076,1909f56bfc062723c751e8b465ee728b)
Start importing Assets/03. FollowWaypoints/FollowWaypoints.cs using Guid(8189bec45977a214c877052081ba1220) Importer(815301076,1909f56bfc062723c751e8b465ee728b)  -> (artifact id: 'f368cf747a2058c04898c657dce1e1c3') in 1.222786 seconds 
  Import took 1.259269 seconds .

========================================================================
Received Import Request.
  Time since last request: 5.595587 seconds.
  path: Assets/_01. Baking/Finish.unity
  artifactKey: Guid(763f05092fa40d940b0c8ec95a37dac1) Importer(815301076,1909f56bfc062723c751e8b465ee728b)
Start importing Assets/_01. Baking/Finish.unity using Guid(763f05092fa40d940b0c8ec95a37dac1) Importer(815301076,1909f56bfc062723c751e8b465ee728b)  -> (artifact id: '44f840b52173c0e2853f691d4eb41458') in 0.080623 seconds 
  Import took 0.087896 seconds .

========================================================================
Received Prepare
Registering precompiled user dll's ...
Registered in 0.003633 seconds.
Begin MonoManager ReloadAssembly
Native extension for WindowsStandalone target not found
Native extension for WebGL target not found
Refreshing native plugins compatible for Editor in 0.63 ms, found 2 plugins.
Preloading 0 native plugins for Editor in 0.00 ms.
Mono: successfully reloaded assembly
- Completed reload, in  2.068 seconds
Domain Reload Profiling:
	ReloadAssembly (2069ms)
		BeginReloadAssembly (172ms)
			ExecutionOrderSort (0ms)
			DisableScriptedObjects (5ms)
			BackupInstance (0ms)
			ReleaseScriptingObjects (0ms)
			CreateAndSetChildDomain (76ms)
		EndReloadAssembly (1833ms)
			LoadAssemblies (105ms)
			RebuildTransferFunctionScriptingTraits (0ms)
			SetupTypeCache (418ms)
			ReleaseScriptCaches (1ms)
			RebuildScriptCaches (53ms)
			SetupLoadedEditorAssemblies (495ms)
				LogAssemblyErrors (0ms)
				InitializePlatformSupportModulesInManaged (10ms)
				SetLoadedEditorAssemblies (1ms)
				RefreshPlugins (1ms)
				BeforeProcessingInitializeOnLoad (164ms)
				ProcessInitializeOnLoadAttributes (303ms)
				ProcessInitializeOnLoadMethodAttributes (15ms)
				AfterProcessingInitializeOnLoad (2ms)
				EditorAssembliesLoaded (0ms)
			ExecutionOrderSort2 (0ms)
			AwakeInstancesAfterBackupRestoration (8ms)
Platform modules already initialized, skipping
Refreshing native plugins compatible for Editor in 0.67 ms, found 2 plugins.
Preloading 0 native plugins for Editor in 0.00 ms.
Unloading 2432 Unused Serialized files (Serialized files now loaded: 0)
System memory in use before: 106.6 MB.
System memory in use after: 106.7 MB.

Unloading 17 unused Assets to reduce memory usage. Loaded Objects now: 2920.
Total: 5.012300 ms (FindLiveObjects: 0.219700 ms CreateObjectMapping: 0.137000 ms MarkObjects: 4.549600 ms  DeleteObjects: 0.105000 ms)

AssetImportParameters requested are different than current active one (requested -> active):
  custom:framework-win-MediaFoundation: 216162199b28c13a410421893ffa2e32 -> 
  custom:video-decoder-ogg-theora: a1e56fd34408186e4bbccfd4996cb3dc -> 
  custom:container-muxer-webm: aa71ff27fc2769a1b78a27578f13a17b -> 
  custom:container-demuxer-webm: 4f35f7cbe854078d1ac9338744f61a02 -> 
  custom:container-demuxer-ogg: 62fdf1f143b41e24485cea50d1cbac27 -> 
  custom:video-encoder-webm-vp8: eb34c28f22e8b96e1ab97ce403110664 -> 
  custom:video-codec-MediaFoundation-h265: 746d11721c4dcdbdad8f713fa42b33f4 -> 
  custom:video-decoder-webm-vp8: 9c59270c3fd7afecdb556c50c9e8de78 -> 
  custom:audio-decoder-ogg-vorbis: bf7c407c2cedff20999df2af8eb42d56 -> 
  custom:audio-encoder-webm-vorbis: bf7c407c2cedff20999df2af8eb42d56 -> 
========================================================================
Received Import Request.
  Time since last request: 42.724586 seconds.
  path: Assets/_02. Obstacle/Finish.unity
  artifactKey: Guid(0c4c1d325b68c5f43b432727a15ead8b) Importer(815301076,1909f56bfc062723c751e8b465ee728b)
Start importing Assets/_02. Obstacle/Finish.unity using Guid(0c4c1d325b68c5f43b432727a15ead8b) Importer(815301076,1909f56bfc062723c751e8b465ee728b)  -> (artifact id: '9fc0be0e7cd5e0e497e3419697f09075') in 0.019578 seconds 
  Import took 0.178694 seconds .

========================================================================
Received Import Request.
  Time since last request: 0.000304 seconds.
  path: Assets/_02. Obstacle/Finish
  artifactKey: Guid(9e798e9ebfa8d7b46b8aa5018e23e1e3) Importer(815301076,1909f56bfc062723c751e8b465ee728b)
Start importing Assets/_02. Obstacle/Finish using Guid(9e798e9ebfa8d7b46b8aa5018e23e1e3) Importer(815301076,1909f56bfc062723c751e8b465ee728b)  -> (artifact id: 'c4dcc17988513aee78b458fe99b21bc5') in 0.017256 seconds 
  Import took 0.053755 seconds .

========================================================================
Received Import Request.
  Time since last request: 11.933119 seconds.
  path: Assets/_03. Bake Options/Finish.unity
  artifactKey: Guid(b899f10cead824a478c7a505517fdfb9) Importer(815301076,1909f56bfc062723c751e8b465ee728b)
Start importing Assets/_03. Bake Options/Finish.unity using Guid(b899f10cead824a478c7a505517fdfb9) Importer(815301076,1909f56bfc062723c751e8b465ee728b)  -> (artifact id: 'd896c4bd3f1b616a926d543d8283d545') in 0.008436 seconds 
  Import took 0.258911 seconds .

========================================================================
Received Import Request.
  Time since last request: 20.958750 seconds.
  path: Assets/_05. Multiple Agents/Finish.unity
  artifactKey: Guid(ca2ddbc146bcfa144810e2cc9662fc67) Importer(815301076,1909f56bfc062723c751e8b465ee728b)
Start importing Assets/_05. Multiple Agents/Finish.unity using Guid(ca2ddbc146bcfa144810e2cc9662fc67) Importer(815301076,1909f56bfc062723c751e8b465ee728b)  -> (artifact id: 'f28bd089ae27fb8642658f720d4ac90e') in 0.008817 seconds 
  Import took 0.106217 seconds .

========================================================================
Received Import Request.
  Time since last request: 14.506438 seconds.
  path: Assets
  artifactKey: Guid(00000000000000001000000000000000) Importer(815301076,1909f56bfc062723c751e8b465ee728b)
Start importing Assets using Guid(00000000000000001000000000000000) Importer(815301076,1909f56bfc062723c751e8b465ee728b)  -> (artifact id: '42d402b061de3733987d63b9cc3b64de') in 0.018523 seconds 
  Import took 0.024754 seconds .

========================================================================
Received Prepare
Registering precompiled user dll's ...
Registered in 0.011354 seconds.
Begin MonoManager ReloadAssembly
Native extension for WindowsStandalone target not found
Native extension for WebGL target not found
Refreshing native plugins compatible for Editor in 0.59 ms, found 2 plugins.
Preloading 0 native plugins for Editor in 0.00 ms.
Mono: successfully reloaded assembly
- Completed reload, in  1.290 seconds
Domain Reload Profiling:
	ReloadAssembly (1291ms)
		BeginReloadAssembly (132ms)
			ExecutionOrderSort (0ms)
			DisableScriptedObjects (5ms)
			BackupInstance (0ms)
			ReleaseScriptingObjects (0ms)
			CreateAndSetChildDomain (42ms)
		EndReloadAssembly (1097ms)
			LoadAssemblies (105ms)
			RebuildTransferFunctionScriptingTraits (0ms)
			SetupTypeCache (414ms)
			ReleaseScriptCaches (1ms)
			RebuildScriptCaches (52ms)
			SetupLoadedEditorAssemblies (407ms)
				LogAssemblyErrors (0ms)
				InitializePlatformSupportModulesInManaged (5ms)
				SetLoadedEditorAssemblies (1ms)
				RefreshPlugins (1ms)
				BeforeProcessingInitializeOnLoad (91ms)
				ProcessInitializeOnLoadAttributes (293ms)
				ProcessInitializeOnLoadMethodAttributes (15ms)
				AfterProcessingInitializeOnLoad (2ms)
				EditorAssembliesLoaded (0ms)
			ExecutionOrderSort2 (0ms)
			AwakeInstancesAfterBackupRestoration (8ms)
Platform modules already initialized, skipping
Refreshing native plugins compatible for Editor in 0.88 ms, found 2 plugins.
Preloading 0 native plugins for Editor in 0.00 ms.
Unloading 2432 Unused Serialized files (Serialized files now loaded: 0)
System memory in use before: 106.6 MB.
System memory in use after: 106.8 MB.

Unloading 17 unused Assets to reduce memory usage. Loaded Objects now: 2922.
Total: 3.749300 ms (FindLiveObjects: 0.227900 ms CreateObjectMapping: 0.112200 ms MarkObjects: 3.266800 ms  DeleteObjects: 0.141400 ms)

AssetImportParameters requested are different than current active one (requested -> active):
  custom:framework-win-MediaFoundation: 216162199b28c13a410421893ffa2e32 -> 
  custom:video-decoder-ogg-theora: a1e56fd34408186e4bbccfd4996cb3dc -> 
  custom:container-muxer-webm: aa71ff27fc2769a1b78a27578f13a17b -> 
  custom:container-demuxer-webm: 4f35f7cbe854078d1ac9338744f61a02 -> 
  custom:container-demuxer-ogg: 62fdf1f143b41e24485cea50d1cbac27 -> 
  custom:video-encoder-webm-vp8: eb34c28f22e8b96e1ab97ce403110664 -> 
  custom:video-codec-MediaFoundation-h265: 746d11721c4dcdbdad8f713fa42b33f4 -> 
  custom:video-decoder-webm-vp8: 9c59270c3fd7afecdb556c50c9e8de78 -> 
  custom:audio-decoder-ogg-vorbis: bf7c407c2cedff20999df2af8eb42d56 -> 
  custom:audio-encoder-webm-vorbis: bf7c407c2cedff20999df2af8eb42d56 -> 
========================================================================
Received Import Request.
  Time since last request: 9.041312 seconds.
  path: Assets/Practice
  artifactKey: Guid(c41f948a31bf4d74eac8673cf15b220a) Importer(815301076,1909f56bfc062723c751e8b465ee728b)
Start importing Assets/Practice using Guid(c41f948a31bf4d74eac8673cf15b220a) Importer(815301076,1909f56bfc062723c751e8b465ee728b)  -> (artifact id: 'c67f3e9b3fbef32b5b8af76b34ef818d') in 0.013185 seconds 
  Import took 0.210237 seconds .

========================================================================
Received Import Request.
  Time since last request: 19.994965 seconds.
  path: Assets/Practice/New Scene.unity
  artifactKey: Guid(05e5d94bd9973e5409e35990c76c8af2) Importer(815301076,1909f56bfc062723c751e8b465ee728b)
Start importing Assets/Practice/New Scene.unity using Guid(05e5d94bd9973e5409e35990c76c8af2) Importer(815301076,1909f56bfc062723c751e8b465ee728b)  -> (artifact id: '54da6f94b2725be1addbba8b6aecb2b0') in 0.104089 seconds 
  Import took 0.786812 seconds .

